# JRE version: Java(TM) SE Runtime Environment (8.0_181-b13) (build 1.8.0_181-b13)
# Java VM: Java HotSpot(TM) 64-Bit Server VM (25.181-b13 mixed mode bsd-amd64 compressed oops)
Heap:
 PSYoungGen      total 36864K, used 431K [0x0000000795580000, 0x0000000798600000, 0x00000007c0000000)
  eden space 24064K, 1% used [0x0000000795580000,0x00000007955ebda0,0x0000000796d00000)
  from space 12800K, 0% used [0x0000000797980000,0x0000000797980000,0x0000000798600000)
  to   space 12800K, 0% used [0x0000000796d00000,0x0000000796d00000,0x0000000797980000)
 ParOldGen       total 60928K, used 19955K [0x0000000740000000, 0x0000000743b80000, 0x0000000795580000)
  object space 60928K, 32% used [0x0000000740000000,0x000000074137cc50,0x0000000743b80000)
 Metaspace       used 16672K, capacity 17468K, committed 17792K, reserved 1064960K
  class space    used 2105K, capacity 2298K, committed 2432K, reserved 1048576K
GC Heap History (10 events):
Event: 5780.338 GC heap before
{Heap before GC invocations=65 (full 0):
 PSYoungGen      total 34816K, used 34400K [0x0000000795580000, 0x0000000798200000, 0x00000007c0000000)
  eden space 24064K, 100% used [0x0000000795580000,0x0000000796d00000,0x0000000796d00000)
  from space 10752K, 96% used [0x0000000797780000,0x0000000798198000,0x0000000798200000)
  to   space 10752K, 0% used [0x0000000796d00000,0x0000000796d00000,0x0000000797780000)
 ParOldGen       total 87552K, used 64953K [0x0000000740000000, 0x0000000745580000, 0x0000000795580000)
  object space 87552K, 74% used [0x0000000740000000,0x0000000743f6e4f0,0x0000000745580000)
 Metaspace       used 16652K, capacity 17504K, committed 17792K, reserved 1064960K
  class space    used 2107K, capacity 2308K, committed 2432K, reserved 1048576K
Event: 5780.345 GC heap after
Heap after GC invocations=65 (full 0):
 PSYoungGen      total 34816K, used 10304K [0x0000000795580000, 0x0000000798200000, 0x00000007c0000000)
  eden space 24064K, 0% used [0x0000000795580000,0x0000000795580000,0x0000000796d00000)
  from space 10752K, 95% used [0x0000000796d00000,0x0000000797710000,0x0000000797780000)
  to   space 10752K, 0% used [0x0000000797780000,0x0000000797780000,0x0000000798200000)
 ParOldGen       total 87552K, used 65057K [0x0000000740000000, 0x0000000745580000, 0x0000000795580000)
  object space 87552K, 74% used [0x0000000740000000,0x0000000743f884f0,0x0000000745580000)
 Metaspace       used 16652K, capacity 17504K, committed 17792K, reserved 1064960K
  class space    used 2107K, capacity 2308K, committed 2432K, reserved 1048576K
}
Event: 5865.149 GC heap before
{Heap before GC invocations=66 (full 0):
 PSYoungGen      total 34816K, used 34368K [0x0000000795580000, 0x0000000798200000, 0x00000007c0000000)
  eden space 24064K, 100% used [0x0000000795580000,0x0000000796d00000,0x0000000796d00000)
  from space 10752K, 95% used [0x0000000796d00000,0x0000000797710000,0x0000000797780000)
  to   space 10752K, 0% used [0x0000000797780000,0x0000000797780000,0x0000000798200000)
 ParOldGen       total 87552K, used 65057K [0x0000000740000000, 0x0000000745580000, 0x0000000795580000)
  object space 87552K, 74% used [0x0000000740000000,0x0000000743f884f0,0x0000000745580000)
 Metaspace       used 16655K, capacity 17504K, committed 17792K, reserved 1064960K
  class space    used 2107K, capacity 2308K, committed 2432K, reserved 1048576K
Event: 5865.156 GC heap after
Heap after GC invocations=66 (full 0):
 PSYoungGen      total 34816K, used 10112K [0x0000000795580000, 0x0000000798200000, 0x00000007c0000000)
  eden space 24064K, 0% used [0x0000000795580000,0x0000000795580000,0x0000000796d00000)
  from space 10752K, 94% used [0x0000000797780000,0x0000000798160010,0x0000000798200000)
  to   space 10752K, 0% used [0x0000000796d00000,0x0000000796d00000,0x0000000797780000)
 ParOldGen       total 87552K, used 65169K [0x0000000740000000, 0x0000000745580000, 0x0000000795580000)
  object space 87552K, 74% used [0x0000000740000000,0x0000000743fa44f0,0x0000000745580000)
 Metaspace       used 16655K, capacity 17504K, committed 17792K, reserved 1064960K
  class space    used 2107K, capacity 2308K, committed 2432K, reserved 1048576K
}
Event: 5902.040 GC heap before
{Heap before GC invocations=67 (full 0):
 PSYoungGen      total 34816K, used 34038K [0x0000000795580000, 0x0000000798200000, 0x00000007c0000000)
  eden space 24064K, 99% used [0x0000000795580000,0x0000000796cdd9d8,0x0000000796d00000)
  from space 10752K, 94% used [0x0000000797780000,0x0000000798160010,0x0000000798200000)
  to   space 10752K, 0% used [0x0000000796d00000,0x0000000796d00000,0x0000000797780000)
 ParOldGen       total 87552K, used 65169K [0x0000000740000000, 0x0000000745580000, 0x0000000795580000)
  object space 87552K, 74% used [0x0000000740000000,0x0000000743fa44f0,0x0000000745580000)
 Metaspace       used 16679K, capacity 17504K, committed 17792K, reserved 1064960K
  class space    used 2111K, capacity 2308K, committed 2432K, reserved 1048576K
Event: 5902.062 GC heap after
Heap after GC invocations=67 (full 0):
 PSYoungGen      total 34816K, used 10720K [0x0000000795580000, 0x0000000798600000, 0x00000007c0000000)
  eden space 24064K, 0% used [0x0000000795580000,0x0000000795580000,0x0000000796d00000)
  from space 10752K, 99% used [0x0000000796d00000,0x0000000797778140,0x0000000797780000)
  to   space 12800K, 0% used [0x0000000797980000,0x0000000797980000,0x0000000798600000)
 ParOldGen       total 87552K, used 70397K [0x0000000740000000, 0x0000000745580000, 0x0000000795580000)
  object space 87552K, 80% used [0x0000000740000000,0x00000007444bf4b0,0x0000000745580000)
 Metaspace       used 16679K, capacity 17504K, committed 17792K, reserved 1064960K
  class space    used 2111K, capacity 2308K, committed 2432K, reserved 1048576K
}
Event: 5961.628 GC heap before
{Heap before GC invocations=68 (full 0):
 PSYoungGen      total 34816K, used 34784K [0x0000000795580000, 0x0000000798600000, 0x00000007c0000000)
  eden space 24064K, 100% used [0x0000000795580000,0x0000000796d00000,0x0000000796d00000)
  from space 10752K, 99% used [0x0000000796d00000,0x0000000797778140,0x0000000797780000)
  to   space 12800K, 0% used [0x0000000797980000,0x0000000797980000,0x0000000798600000)
 ParOldGen       total 87552K, used 70397K [0x0000000740000000, 0x0000000745580000, 0x0000000795580000)
  object space 87552K, 80% used [0x0000000740000000,0x00000007444bf4b0,0x0000000745580000)
 Metaspace       used 16694K, capacity 17504K, committed 17792K, reserved 1064960K
  class space    used 2111K, capacity 2308K, committed 2432K, reserved 1048576K
Event: 5961.648 GC heap after
Heap after GC invocations=68 (full 0):
 PSYoungGen      total 36864K, used 10624K [0x0000000795580000, 0x0000000798600000, 0x00000007c0000000)
  eden space 24064K, 0% used [0x0000000795580000,0x0000000795580000,0x0000000796d00000)
  from space 12800K, 83% used [0x0000000797980000,0x00000007983e0000,0x0000000798600000)
  to   space 12800K, 0% used [0x0000000796d00000,0x0000000796d00000,0x0000000797980000)
 ParOldGen       total 87552K, used 86768K [0x0000000740000000, 0x0000000745580000, 0x0000000795580000)
  object space 87552K, 99% used [0x0000000740000000,0x00000007454bc360,0x0000000745580000)
 Metaspace       used 16694K, capacity 17504K, committed 17792K, reserved 1064960K
  class space    used 2111K, capacity 2308K, committed 2432K, reserved 1048576K
}
Event: 5961.648 GC heap before
{Heap before GC invocations=69 (full 1):
 PSYoungGen      total 36864K, used 10624K [0x0000000795580000, 0x0000000798600000, 0x00000007c0000000)
  eden space 24064K, 0% used [0x0000000795580000,0x0000000795580000,0x0000000796d00000)
  from space 12800K, 83% used [0x0000000797980000,0x00000007983e0000,0x0000000798600000)
  to   space 12800K, 0% used [0x0000000796d00000,0x0000000796d00000,0x0000000797980000)
 ParOldGen       total 87552K, used 86768K [0x0000000740000000, 0x0000000745580000, 0x0000000795580000)
  object space 87552K, 99% used [0x0000000740000000,0x00000007454bc360,0x0000000745580000)
 Metaspace       used 16694K, capacity 17504K, committed 17792K, reserved 1064960K
  class space    used 2111K, capacity 2308K, committed 2432K, reserved 1048576K
Event: 5961.799 GC heap after
Heap after GC invocations=69 (full 1):
 PSYoungGen      total 36864K, used 0K [0x0000000795580000, 0x0000000798600000, 0x00000007c0000000)
  eden space 24064K, 0% used [0x0000000795580000,0x0000000795580000,0x0000000796d00000)
  from space 12800K, 0% used [0x0000000797980000,0x0000000797980000,0x0000000798600000)
  to   space 12800K, 0% used [0x0000000796d00000,0x0000000796d00000,0x0000000797980000)
 ParOldGen       total 60928K, used 19955K [0x0000000740000000, 0x0000000743b80000, 0x0000000795580000)
  object space 60928K, 32% used [0x0000000740000000,0x000000074137cc50,0x0000000743b80000)
 Metaspace       used 16672K, capacity 17468K, committed 17792K, reserved 1064960K
  class space    used 2105K, capacity 2298K, committed 2432K, reserved 1048576K
}

